<?xml version="1.0" encoding="UTF-8"?>
<!-- Generated by org.testng.reporters.JUnitReportReporter -->
<testsuite hostname="pc106426" name="com.gateside.autotesting.generation.unittest.SearchGameDetailTestCase" tests="2" failures="0" timestamp="14 Sep 2015 06:35:19 GMT" time="6.807" errors="0">
  <testcase name="Test02GetSubGames" time="0.549" classname="com.gateside.autotesting.generation.unittest.SearchGameDetailTestCase"/>
  <testcase name="Test01SearchGameDetail" time="6.258" classname="com.gateside.autotesting.generation.unittest.SearchGameDetailTestCase"/>
</testsuite> <!-- com.gateside.autotesting.generation.unittest.SearchGameDetailTestCase -->
