<?xml version="1.0" encoding="UTF-8"?>
<!-- Generated by org.testng.reporters.JUnitReportReporter -->
<testsuite hostname="pc106426" name="com.gateside.autotesting.generation.unittest.SecondGuideListTestCase" tests="2" failures="0" timestamp="14 Sep 2015 06:35:28 GMT" time="1.342" errors="0">
  <testcase name="Test01SecondGuideList" time="0.907" classname="com.gateside.autotesting.generation.unittest.SecondGuideListTestCase"/>
  <testcase name="Test02SecondGuideList" time="0.435" classname="com.gateside.autotesting.generation.unittest.SecondGuideListTestCase"/>
</testsuite> <!-- com.gateside.autotesting.generation.unittest.SecondGuideListTestCase -->
