<?xml version="1.0" encoding="UTF-8"?>
<!-- Generated by org.testng.reporters.JUnitReportReporter -->
<testsuite hostname="pc106426" name="com.gateside.autotesting.generation.unittest.GameDetailTestCase" tests="2" failures="0" timestamp="14 Sep 2015 06:24:41 GMT" time="16.771" errors="0">
  <testcase name="test02GameDetailIOS" time="5.474" classname="com.gateside.autotesting.generation.unittest.GameDetailTestCase"/>
  <testcase name="test01GameDetailAndroid" time="11.297" classname="com.gateside.autotesting.generation.unittest.GameDetailTestCase"/>
</testsuite> <!-- com.gateside.autotesting.generation.unittest.GameDetailTestCase -->
