<?xml version="1.0" encoding="UTF-8"?>
<!-- Generated by org.testng.reporters.JUnitReportReporter -->
<testsuite hostname="pc106426" name="com.gateside.autotesting.generation.unittest.SearchGamesTestCase" tests="2" failures="0" timestamp="9 Sep 2015 09:31:34 GMT" time="1.722" errors="0">
  <testcase name="Test02SearchGames" time="0.578" classname="com.gateside.autotesting.generation.unittest.SearchGamesTestCase"/>
  <testcase name="Test01SearchGames" time="1.144" classname="com.gateside.autotesting.generation.unittest.SearchGamesTestCase"/>
</testsuite> <!-- com.gateside.autotesting.generation.unittest.SearchGamesTestCase -->
