<?xml version="1.0" encoding="UTF-8"?>
<!-- Generated by org.testng.reporters.JUnitReportReporter -->
<testsuite hostname="pc106426" name="com.gateside.autotesting.generation.unittest.GiftListTestCase" tests="4" failures="0" timestamp="10 Sep 2015 03:20:09 GMT" time="1.347" errors="0">
  <testcase name="test01AllGames" time="0.868" classname="com.gateside.autotesting.generation.unittest.GiftListTestCase"/>
  <testcase name="test02AllGames" time="0.173" classname="com.gateside.autotesting.generation.unittest.GiftListTestCase"/>
  <testcase name="test03AllGames" time="0.155" classname="com.gateside.autotesting.generation.unittest.GiftListTestCase"/>
  <testcase name="test04AllGames" time="0.151" classname="com.gateside.autotesting.generation.unittest.GiftListTestCase"/>
</testsuite> <!-- com.gateside.autotesting.generation.unittest.GiftListTestCase -->
