<?xml version="1.0" encoding="UTF-8"?>
<!-- Generated by org.testng.reporters.JUnitReportReporter -->
<testsuite hostname="pc106426" name="com.gateside.autotesting.generation.unittest.CollectArticleTestCase" tests="1" failures="0" timestamp="14 Sep 2015 06:33:43 GMT" time="1.221" errors="0">
  <testcase name="Test01CollectArticle" time="1.221" classname="com.gateside.autotesting.generation.unittest.CollectArticleTestCase"/>
</testsuite> <!-- com.gateside.autotesting.generation.unittest.CollectArticleTestCase -->
