<?xml version="1.0" encoding="UTF-8"?>
<!-- Generated by org.testng.reporters.JUnitReportReporter -->
<testsuite hostname="pc106426" name="com.gateside.autotesting.generation.unittest.GiftList1TestCase" tests="1" failures="0" timestamp="14 Sep 2015 06:34:44 GMT" time="0.857" errors="0">
  <testcase name="test01GiftList" time="0.857" classname="com.gateside.autotesting.generation.unittest.GiftList1TestCase"/>
</testsuite> <!-- com.gateside.autotesting.generation.unittest.GiftList1TestCase -->
