<?xml version="1.0" encoding="UTF-8"?>
<!-- Generated by org.testng.reporters.JUnitReportReporter -->
<testsuite hostname="pc106426" name="com.gateside.autotesting.generation.unittest.GameGuideListTestCase" tests="2" failures="0" timestamp="14 Sep 2015 06:33:57 GMT" time="1.288" errors="0">
  <testcase name="Test02GameGuideList" time="0.359" classname="com.gateside.autotesting.generation.unittest.GameGuideListTestCase"/>
  <testcase name="Test01GameGuideList" time="0.929" classname="com.gateside.autotesting.generation.unittest.GameGuideListTestCase"/>
</testsuite> <!-- com.gateside.autotesting.generation.unittest.GameGuideListTestCase -->
