<?xml version="1.0" encoding="UTF-8"?>
<!-- Generated by org.testng.reporters.JUnitReportReporter -->
<testsuite hostname="pc106426" name="com.gateside.autotesting.generation.unittest.GetSubGamesTestCase" tests="1" failures="0" timestamp="14 Sep 2015 06:34:33 GMT" time="1.120" errors="0">
  <testcase name="Test01GetSubGames" time="1.120" classname="com.gateside.autotesting.generation.unittest.GetSubGamesTestCase"/>
</testsuite> <!-- com.gateside.autotesting.generation.unittest.GetSubGamesTestCase -->
