<?xml version="1.0" encoding="UTF-8"?>
<!-- Generated by org.testng.reporters.JUnitReportReporter -->
<testsuite hostname="pc106426" name="com.gateside.autotesting.generation.unittest.DeleteFavorForumTestCase" tests="1" failures="0" timestamp="30 Sep 2015 08:27:54 GMT" time="0.929" errors="0">
  <testcase name="Test01" time="0.929" classname="com.gateside.autotesting.generation.unittest.DeleteFavorForumTestCase"/>
</testsuite> <!-- com.gateside.autotesting.generation.unittest.DeleteFavorForumTestCase -->
