<?xml version="1.0" encoding="UTF-8"?>
<!-- Generated by org.testng.reporters.JUnitReportReporter -->
<testsuite hostname="pc106426" name="com.gateside.autotesting.generation.unittest.RecruitListTestCase" tests="2" failures="0" timestamp="8 Sep 2015 03:53:13 GMT" time="1.114" errors="0">
  <testcase name="Test02GetSubGames" time="0.272" classname="com.gateside.autotesting.generation.unittest.RecruitListTestCase"/>
  <testcase name="Test01RecruitList" time="0.842" classname="com.gateside.autotesting.generation.unittest.RecruitListTestCase"/>
</testsuite> <!-- com.gateside.autotesting.generation.unittest.RecruitListTestCase -->
