<?xml version="1.0" encoding="UTF-8"?>
<!-- Generated by org.testng.reporters.JUnitReportReporter -->
<testsuite hostname="pc106426" name="com.gateside.autotesting.generation.unittest.MoreGiftListTestCase" tests="1" failures="0" timestamp="14 Sep 2015 06:34:53 GMT" time="0.984" errors="0">
  <testcase name="test01MoreGiftList" time="0.984" classname="com.gateside.autotesting.generation.unittest.MoreGiftListTestCase"/>
</testsuite> <!-- com.gateside.autotesting.generation.unittest.MoreGiftListTestCase -->
