<?xml version="1.0" encoding="UTF-8"?>
<!-- Generated by org.testng.reporters.JUnitReportReporter -->
<testsuite hostname="pc106426" name="com.gateside.autotesting.generation.unittest.AddFavorForumTestCase" tests="1" failures="0" timestamp="30 Sep 2015 08:22:51 GMT" time="0.860" errors="0">
  <testcase name="Test01" time="0.860" classname="com.gateside.autotesting.generation.unittest.AddFavorForumTestCase"/>
</testsuite> <!-- com.gateside.autotesting.generation.unittest.AddFavorForumTestCase -->
