<?xml version="1.0" encoding="UTF-8"?>
<!-- Generated by org.testng.reporters.JUnitReportReporter -->
<testsuite hostname="pc106426" name="com.gateside.autotesting.generation.unittest.SubGameTestCase" tests="1" failures="0" timestamp="8 Sep 2015 10:45:17 GMT" time="1.051" errors="0">
  <testcase name="test02UnSubGame" time="1.051" classname="com.gateside.autotesting.generation.unittest.SubGameTestCase"/>
</testsuite> <!-- com.gateside.autotesting.generation.unittest.SubGameTestCase -->
