<?xml version="1.0" encoding="UTF-8"?>
<!-- Generated by org.testng.reporters.JUnitReportReporter -->
<testsuite hostname="pc106426" name="com.gateside.autotesting.generation.unittest.NewArticleListTestCase" tests="2" failures="0" timestamp="14 Sep 2015 06:40:59 GMT" time="1.241" errors="0">
  <testcase name="Test01NewArticleList" time="0.884" classname="com.gateside.autotesting.generation.unittest.NewArticleListTestCase"/>
  <testcase name="Test02NewArticleList" time="0.357" classname="com.gateside.autotesting.generation.unittest.NewArticleListTestCase"/>
</testsuite> <!-- com.gateside.autotesting.generation.unittest.NewArticleListTestCase -->
