<?xml version="1.0" encoding="UTF-8"?>
<!-- Generated by org.testng.reporters.JUnitReportReporter -->
<testsuite hostname="pc106426" name="com.gateside.autotesting.generation.unittest.GetCollectListTestCase" tests="1" failures="0" timestamp="14 Sep 2015 06:42:47 GMT" time="6.502" errors="0">
  <testcase name="Test01GetCollectList" time="6.502" classname="com.gateside.autotesting.generation.unittest.GetCollectListTestCase"/>
</testsuite> <!-- com.gateside.autotesting.generation.unittest.GetCollectListTestCase -->
