<?xml version="1.0" encoding="UTF-8"?>
<!-- Generated by org.testng.reporters.JUnitReportReporter -->
<testsuite hostname="pc106426" name="com.gateside.autotesting.generation.unittest.ComradeListTestCase" tests="2" failures="2" timestamp="8 Sep 2015 11:33:12 GMT" time="0.149" errors="0">
  <testcase name="Test01ComradeList" time="0.129" classname="com.gateside.autotesting.generation.unittest.ComradeListTestCase">
    <failure type="java.lang.NullPointerException">
      <![CDATA[java.lang.NullPointerException
	at com.gateside.autotesting.Lib.xmlService.XMLParser.getElementsByXPath(XMLParser.java:57)
	at com.gateside.autotesting.Lib.xmlService.XMLParser.getElementByID(XMLParser.java:32)
	at com.gateside.autotesting.Gat.manager.TestObjectManager.getTestObjectXML(TestObjectManager.java:21)
	at com.gateside.autotesting.Gat.manager.InterfaceStepsCaseManager.geTestCase(InterfaceStepsCaseManager.java:22)
	at com.gateside.autotesting.Gat.manager.InterfaceStepsCaseManager.geTestCase(InterfaceStepsCaseManager.java:13)
	at com.gateside.autotesting.Gat.manager.StepsCaseManager.getItem(StepsCaseManager.java:19)
	at com.gateside.autotesting.Gat.executor.CaseExecutor.getTestObject(CaseExecutor.java:52)
	at com.gateside.autotesting.Gat.executor.InterfaceStepsExecutor.getTestCase(InterfaceStepsExecutor.java:39)
	at com.gateside.autotesting.Gat.executor.InterfaceStepsExecutor.getTestCase(InterfaceStepsExecutor.java:12)
	at com.gateside.autotesting.Gat.executor.StepsExecutor.exectuePreStep(StepsExecutor.java:86)
	at com.gateside.autotesting.Gat.executor.StepsExecutor.setUp(StepsExecutor.java:30)
	at com.gateside.autotesting.Gat.executor.CaseExecutor.execute(CaseExecutor.java:32)
	at com.gateside.autotesting.generation.unittest.ComradeListTestCase.Test01ComradeList(ComradeListTestCase.java:26)
	at sun.reflect.NativeMethodAccessorImpl.invoke0(Native Method)
	at sun.reflect.NativeMethodAccessorImpl.invoke(Unknown Source)
	at sun.reflect.DelegatingMethodAccessorImpl.invoke(Unknown Source)
	at java.lang.reflect.Method.invoke(Unknown Source)
	at org.testng.internal.MethodInvocationHelper.invokeMethod(MethodInvocationHelper.java:84)
	at org.testng.internal.Invoker.invokeMethod(Invoker.java:714)
	at org.testng.internal.Invoker.invokeTestMethod(Invoker.java:901)
	at org.testng.internal.Invoker.invokeTestMethods(Invoker.java:1231)
	at org.testng.internal.TestMethodWorker.invokeTestMethods(TestMethodWorker.java:127)
	at org.testng.internal.TestMethodWorker.run(TestMethodWorker.java:111)
	at org.testng.TestRunner.privateRun(TestRunner.java:767)
	at org.testng.TestRunner.run(TestRunner.java:617)
	at org.testng.SuiteRunner.runTest(SuiteRunner.java:334)
	at org.testng.SuiteRunner.runSequentially(SuiteRunner.java:329)
	at org.testng.SuiteRunner.privateRun(SuiteRunner.java:291)
	at org.testng.SuiteRunner.run(SuiteRunner.java:240)
	at org.testng.SuiteRunnerWorker.runSuite(SuiteRunnerWorker.java:52)
	at org.testng.SuiteRunnerWorker.run(SuiteRunnerWorker.java:86)
	at org.testng.TestNG.runSuitesSequentially(TestNG.java:1224)
	at org.testng.TestNG.runSuitesLocally(TestNG.java:1149)
	at org.testng.TestNG.run(TestNG.java:1057)
	at org.testng.remote.RemoteTestNG.run(RemoteTestNG.java:111)
	at org.testng.remote.RemoteTestNG.initAndRun(RemoteTestNG.java:204)
	at org.testng.remote.RemoteTestNG.main(RemoteTestNG.java:175)
]]>
    </failure>
  </testcase> <!-- Test01ComradeList -->
  <testcase name="Test02comradeList" time="0.020" classname="com.gateside.autotesting.generation.unittest.ComradeListTestCase">
    <failure type="java.lang.NullPointerException">
      <![CDATA[java.lang.NullPointerException
	at com.gateside.autotesting.Lib.xmlService.XMLParser.getElementsByXPath(XMLParser.java:57)
	at com.gateside.autotesting.Lib.xmlService.XMLParser.getElementByID(XMLParser.java:32)
	at com.gateside.autotesting.Gat.manager.TestObjectManager.getTestObjectXML(TestObjectManager.java:21)
	at com.gateside.autotesting.Gat.manager.InterfaceStepsCaseManager.geTestCase(InterfaceStepsCaseManager.java:22)
	at com.gateside.autotesting.Gat.manager.InterfaceStepsCaseManager.geTestCase(InterfaceStepsCaseManager.java:13)
	at com.gateside.autotesting.Gat.manager.StepsCaseManager.getItem(StepsCaseManager.java:19)
	at com.gateside.autotesting.Gat.executor.CaseExecutor.getTestObject(CaseExecutor.java:52)
	at com.gateside.autotesting.Gat.executor.InterfaceStepsExecutor.getTestCase(InterfaceStepsExecutor.java:39)
	at com.gateside.autotesting.Gat.executor.InterfaceStepsExecutor.getTestCase(InterfaceStepsExecutor.java:12)
	at com.gateside.autotesting.Gat.executor.StepsExecutor.exectuePreStep(StepsExecutor.java:86)
	at com.gateside.autotesting.Gat.executor.StepsExecutor.setUp(StepsExecutor.java:30)
	at com.gateside.autotesting.Gat.executor.CaseExecutor.execute(CaseExecutor.java:32)
	at com.gateside.autotesting.generation.unittest.ComradeListTestCase.Test02comradeList(ComradeListTestCase.java:32)
	at sun.reflect.NativeMethodAccessorImpl.invoke0(Native Method)
	at sun.reflect.NativeMethodAccessorImpl.invoke(Unknown Source)
	at sun.reflect.DelegatingMethodAccessorImpl.invoke(Unknown Source)
	at java.lang.reflect.Method.invoke(Unknown Source)
	at org.testng.internal.MethodInvocationHelper.invokeMethod(MethodInvocationHelper.java:84)
	at org.testng.internal.Invoker.invokeMethod(Invoker.java:714)
	at org.testng.internal.Invoker.invokeTestMethod(Invoker.java:901)
	at org.testng.internal.Invoker.invokeTestMethods(Invoker.java:1231)
	at org.testng.internal.TestMethodWorker.invokeTestMethods(TestMethodWorker.java:127)
	at org.testng.internal.TestMethodWorker.run(TestMethodWorker.java:111)
	at org.testng.TestRunner.privateRun(TestRunner.java:767)
	at org.testng.TestRunner.run(TestRunner.java:617)
	at org.testng.SuiteRunner.runTest(SuiteRunner.java:334)
	at org.testng.SuiteRunner.runSequentially(SuiteRunner.java:329)
	at org.testng.SuiteRunner.privateRun(SuiteRunner.java:291)
	at org.testng.SuiteRunner.run(SuiteRunner.java:240)
	at org.testng.SuiteRunnerWorker.runSuite(SuiteRunnerWorker.java:52)
	at org.testng.SuiteRunnerWorker.run(SuiteRunnerWorker.java:86)
	at org.testng.TestNG.runSuitesSequentially(TestNG.java:1224)
	at org.testng.TestNG.runSuitesLocally(TestNG.java:1149)
	at org.testng.TestNG.run(TestNG.java:1057)
	at org.testng.remote.RemoteTestNG.run(RemoteTestNG.java:111)
	at org.testng.remote.RemoteTestNG.initAndRun(RemoteTestNG.java:204)
	at org.testng.remote.RemoteTestNG.main(RemoteTestNG.java:175)
]]>
    </failure>
  </testcase> <!-- Test02comradeList -->
</testsuite> <!-- com.gateside.autotesting.generation.unittest.ComradeListTestCase -->
