<?xml version="1.0" encoding="UTF-8"?>
<!-- Generated by org.testng.reporters.JUnitReportReporter -->
<testsuite hostname="pc106426" name="com.gateside.autotesting.generation.unittest.LoginTestCase" tests="2" failures="0" timestamp="9 Sep 2015 06:52:39 GMT" time="0.817" errors="0">
  <testcase name="test01Login" time="0.698" classname="com.gateside.autotesting.generation.unittest.LoginTestCase"/>
  <testcase name="test02Login" time="0.119" classname="com.gateside.autotesting.generation.unittest.LoginTestCase"/>
</testsuite> <!-- com.gateside.autotesting.generation.unittest.LoginTestCase -->
