<?xml version="1.0" encoding="UTF-8"?>
<!-- Generated by org.testng.reporters.JUnitReportReporter -->
<testsuite hostname="pc106426" name="com.gateside.autotesting.generation.unittest.MyKdjnTestCase" tests="1" failures="0" timestamp="10 Sep 2015 03:58:55 GMT" time="0.846" errors="0">
  <testcase name="test01MyKdjn" time="0.846" classname="com.gateside.autotesting.generation.unittest.MyKdjnTestCase"/>
</testsuite> <!-- com.gateside.autotesting.generation.unittest.MyKdjnTestCase -->
