<?xml version="1.0" encoding="UTF-8"?>
<!-- Generated by org.testng.reporters.JUnitReportReporter -->
<testsuite hostname="pc106426" name="com.gateside.autotesting.generation.unittest.RegisterTestCase" tests="1" failures="0" timestamp="7 Sep 2015 07:16:07 GMT" time="0.952" errors="0">
  <testcase name="test01Register" time="0.952" classname="com.gateside.autotesting.generation.unittest.RegisterTestCase"/>
</testsuite> <!-- com.gateside.autotesting.generation.unittest.RegisterTestCase -->
